<?xml version="1.0" encoding="UTF-8"?>
<!-- Generated by org.testng.reporters.JUnitReportReporter -->
<testsuite hostname="DESKTOP-QTP7HJ6" failures="0" tests="1" name="test.LoginTest" time="42.558" errors="0" timestamp="2023-06-28T15:46:28 IST" skipped="0">
  <testcase classname="test.LoginTest" name="test" time="42.558"/>
  <system-out/>
</testsuite> <!-- test.LoginTest -->
