<?xml version="1.0" encoding="UTF-8"?>
<!-- Generated by org.testng.reporters.JUnitReportReporter -->
<testsuite hostname="DESKTOP-QTP7HJ6" failures="0" tests="1" name="test.saucedemo" time="19.593" errors="0" timestamp="2023-10-17T12:51:01 IST" skipped="0">
  <testcase classname="test.saucedemo" name="test" time="19.593"/>
  <system-out/>
</testsuite> <!-- test.saucedemo -->
